<?xml version="1.0" encoding="UTF-8"?>
<testng-results ignored="0" total="6" passed="0" failed="0" skipped="6">
  <reporter-output>
    <line>
      <![CDATA[<div "result">i open browser with url &quot;http:&#x2F;&#x2F;www.orangehrm.qedgetech.com&#x2F;&quot; (UNDEFINED)</div>]]>
    </line>
    <line>
      <![CDATA[<div "result">i should see login page (UNDEFINED)</div>]]>
    </line>
    <line>
      <![CDATA[<div "result">i enter username as &quot;Admin&quot; (UNDEFINED)</div>]]>
    </line>
    <line>
      <![CDATA[<div "result">i enter password as &quot;Qedge123!@#&quot; (UNDEFINED)</div>]]>
    </line>
    <line>
      <![CDATA[<div "result">i click login (UNDEFINED)</div>]]>
    </line>
    <line>
      <![CDATA[<div "result">i should see admin module (UNDEFINED)</div>]]>
    </line>
    <line>
      <![CDATA[<div "result">i click logout (UNDEFINED)</div>]]>
    </line>
    <line>
      <![CDATA[<div "result">i should see login page (UNDEFINED)</div>]]>
    </line>
    <line>
      <![CDATA[<div "result">i close browser (UNDEFINED)</div>]]>
    </line>
    <line>
      <![CDATA[<div "result">i open browser with url &quot;http:&#x2F;&#x2F;www.orangehrm.qedgetech.com&#x2F;&quot; (UNDEFINED)</div>]]>
    </line>
    <line>
      <![CDATA[<div "result">i should see login page (UNDEFINED)</div>]]>
    </line>
    <line>
      <![CDATA[<div "result">i enter username as &quot;Admin&quot; (UNDEFINED)</div>]]>
    </line>
    <line>
      <![CDATA[<div "result">i enter password as &quot;Qedge@123&quot; (UNDEFINED)</div>]]>
    </line>
    <line>
      <![CDATA[<div "result">i click login (UNDEFINED)</div>]]>
    </line>
    <line>
      <![CDATA[<div "result">i should see error message (UNDEFINED)</div>]]>
    </line>
    <line>
      <![CDATA[<div "result">i close browser (UNDEFINED)</div>]]>
    </line>
    <line>
      <![CDATA[<div "result">i open browser with url &quot;http:&#x2F;&#x2F;www.orangehrm.qedgetech.com&#x2F;&quot; (UNDEFINED)</div>]]>
    </line>
    <line>
      <![CDATA[<div "result">i should see login page (UNDEFINED)</div>]]>
    </line>
    <line>
      <![CDATA[<div "result">i enter username as &quot;admin&quot; (UNDEFINED)</div>]]>
    </line>
    <line>
      <![CDATA[<div "result">i enter password as &quot;Qedge123!@#&quot; (UNDEFINED)</div>]]>
    </line>
    <line>
      <![CDATA[<div "result">i click login (UNDEFINED)</div>]]>
    </line>
    <line>
      <![CDATA[<div "result">i should see error message (UNDEFINED)</div>]]>
    </line>
    <line>
      <![CDATA[<div "result">i close browser (UNDEFINED)</div>]]>
    </line>
    <line>
      <![CDATA[<div "result">i open browser with url &quot;http:&#x2F;&#x2F;www.orangehrm.qedgetech.com&#x2F;&quot; (UNDEFINED)</div>]]>
    </line>
    <line>
      <![CDATA[<div "result">i should see login page (UNDEFINED)</div>]]>
    </line>
    <line>
      <![CDATA[<div "result">i enter username as &quot;admin1&quot; (UNDEFINED)</div>]]>
    </line>
    <line>
      <![CDATA[<div "result">i enter password as &quot;Qegebjh123!@#&quot; (UNDEFINED)</div>]]>
    </line>
    <line>
      <![CDATA[<div "result">i click login (UNDEFINED)</div>]]>
    </line>
    <line>
      <![CDATA[<div "result">i should see error message (UNDEFINED)</div>]]>
    </line>
    <line>
      <![CDATA[<div "result">i close browser (UNDEFINED)</div>]]>
    </line>
    <line>
      <![CDATA[<div "result">i open browser with url &quot;http:&#x2F;&#x2F;www.orangehrm.qedgetech.com&#x2F;&quot; (UNDEFINED)</div>]]>
    </line>
    <line>
      <![CDATA[<div "result">i should see login page (UNDEFINED)</div>]]>
    </line>
    <line>
      <![CDATA[<div "result">i enter username as &quot;&quot; (UNDEFINED)</div>]]>
    </line>
    <line>
      <![CDATA[<div "result">i enter password as &quot;&quot; (UNDEFINED)</div>]]>
    </line>
    <line>
      <![CDATA[<div "result">i click login (UNDEFINED)</div>]]>
    </line>
    <line>
      <![CDATA[<div "result">i should see error message (UNDEFINED)</div>]]>
    </line>
    <line>
      <![CDATA[<div "result">i close browser (UNDEFINED)</div>]]>
    </line>
    <line>
      <![CDATA[<div "result">i open browser with url &quot;http:&#x2F;&#x2F;www.orangehrm.qedgetech.com&#x2F;&quot; (UNDEFINED)</div>]]>
    </line>
    <line>
      <![CDATA[<div "result">i should see login page (UNDEFINED)</div>]]>
    </line>
    <line>
      <![CDATA[<div "result">i enter username as &quot;&quot; (UNDEFINED)</div>]]>
    </line>
    <line>
      <![CDATA[<div "result">i enter password as &quot;&quot; (UNDEFINED)</div>]]>
    </line>
    <line>
      <![CDATA[<div "result">i click login (UNDEFINED)</div>]]>
    </line>
    <line>
      <![CDATA[<div "result">i should see error message (UNDEFINED)</div>]]>
    </line>
    <line>
      <![CDATA[<div "result">i close browser (UNDEFINED)</div>]]>
    </line>
  </reporter-output>
  <suite started-at="2024-07-26T15:34:54 IST" name="Default suite" finished-at="2024-07-26T15:34:54 IST" duration-ms="264">
    <groups>
      <group name="cucumber">
        <method signature="AbstractTestNGCucumberTests.runScenario(cucumber.api.testng.PickleEventWrapper,cucumber.api.testng.CucumberFeatureWrapper)[pri:0, instance:testRunner.Runner@7188af83]" name="runScenario" class="cucumber.api.testng.AbstractTestNGCucumberTests"/>
      </group> <!-- cucumber -->
    </groups>
    <test started-at="2024-07-26T15:34:54 IST" name="Default test" finished-at="2024-07-26T15:34:54 IST" duration-ms="264">
      <class name="testRunner.Runner">
        <test-method is-config="true" signature="setUpClass()[pri:0, instance:testRunner.Runner@7188af83]" started-at="2024-07-26T15:34:54 IST" name="setUpClass" finished-at="2024-07-26T15:34:54 IST" duration-ms="97" status="PASS">
          <reporter-output>
          </reporter-output>
        </test-method> <!-- setUpClass -->
        <test-method signature="runScenario(cucumber.api.testng.PickleEventWrapper,cucumber.api.testng.CucumberFeatureWrapper)[pri:0, instance:testRunner.Runner@7188af83]" started-at="2024-07-26T15:34:54 IST" name="runScenario" description="Runs Cucumber Scenarios" data-provider="scenarios" finished-at="2024-07-26T15:34:54 IST" duration-ms="35" status="SKIP">
          <params>
            <param index="0">
              <value>
                <![CDATA["Check Admin Login with valid data"]]>
              </value>
            </param>
            <param index="1">
              <value>
                <![CDATA["Admin Login"]]>
              </value>
            </param>
          </params>
          <exception class="org.testng.SkipException">
            <message>
              <![CDATA[There are undefined steps]]>
            </message>
            <full-stacktrace>
              <![CDATA[org.testng.SkipException: There are undefined steps
at cucumber.api.testng.TestCaseResultListener.getError(TestCaseResultListener.java:58)
at cucumber.api.testng.TestNGCucumberRunner.runScenario(TestNGCucumberRunner.java:59)
at cucumber.api.testng.AbstractTestNGCucumberTests.runScenario(AbstractTestNGCucumberTests.java:22)
at java.base/jdk.internal.reflect.NativeMethodAccessorImpl.invoke0(Native Method)
at java.base/jdk.internal.reflect.NativeMethodAccessorImpl.invoke(NativeMethodAccessorImpl.java:77)
at java.base/jdk.internal.reflect.DelegatingMethodAccessorImpl.invoke(DelegatingMethodAccessorImpl.java:43)
at java.base/java.lang.reflect.Method.invoke(Method.java:568)
at org.testng.internal.invokers.MethodInvocationHelper.invokeMethod(MethodInvocationHelper.java:141)
at org.testng.internal.invokers.TestInvoker.invokeMethod(TestInvoker.java:686)
at org.testng.internal.invokers.TestInvoker.invokeTestMethod(TestInvoker.java:230)
at org.testng.internal.invokers.MethodRunner.runInSequence(MethodRunner.java:63)
at org.testng.internal.invokers.TestInvoker$MethodInvocationAgent.invoke(TestInvoker.java:992)
at org.testng.internal.invokers.TestInvoker.invokeTestMethods(TestInvoker.java:203)
at org.testng.internal.invokers.TestMethodWorker.invokeTestMethods(TestMethodWorker.java:154)
at org.testng.internal.invokers.TestMethodWorker.run(TestMethodWorker.java:134)
at java.base/java.util.ArrayList.forEach(ArrayList.java:1511)
at org.testng.TestRunner.privateRun(TestRunner.java:739)
at org.testng.TestRunner.run(TestRunner.java:614)
at org.testng.SuiteRunner.runTest(SuiteRunner.java:421)
at org.testng.SuiteRunner.runSequentially(SuiteRunner.java:413)
at org.testng.SuiteRunner.privateRun(SuiteRunner.java:373)
at org.testng.SuiteRunner.run(SuiteRunner.java:312)
at org.testng.SuiteRunnerWorker.runSuite(SuiteRunnerWorker.java:52)
at org.testng.SuiteRunnerWorker.run(SuiteRunnerWorker.java:95)
at org.testng.TestNG.runSuitesSequentially(TestNG.java:1274)
at org.testng.TestNG.runSuitesLocally(TestNG.java:1208)
at org.testng.TestNG.runSuites(TestNG.java:1112)
at org.testng.TestNG.run(TestNG.java:1079)
at org.testng.remote.AbstractRemoteTestNG.run(AbstractRemoteTestNG.java:115)
at org.testng.remote.RemoteTestNG.initAndRun(RemoteTestNG.java:293)
at org.testng.remote.RemoteTestNG.main(RemoteTestNG.java:91)
]]>
            </full-stacktrace>
          </exception> <!-- org.testng.SkipException -->
          <reporter-output>
            <line>
              <![CDATA[<div "result">i open browser with url &quot;http:&#x2F;&#x2F;www.orangehrm.qedgetech.com&#x2F;&quot; (UNDEFINED)</div>]]>
            </line>
            <line>
              <![CDATA[<div "result">i should see login page (UNDEFINED)</div>]]>
            </line>
            <line>
              <![CDATA[<div "result">i enter username as &quot;Admin&quot; (UNDEFINED)</div>]]>
            </line>
            <line>
              <![CDATA[<div "result">i enter password as &quot;Qedge123!@#&quot; (UNDEFINED)</div>]]>
            </line>
            <line>
              <![CDATA[<div "result">i click login (UNDEFINED)</div>]]>
            </line>
            <line>
              <![CDATA[<div "result">i should see admin module (UNDEFINED)</div>]]>
            </line>
            <line>
              <![CDATA[<div "result">i click logout (UNDEFINED)</div>]]>
            </line>
            <line>
              <![CDATA[<div "result">i should see login page (UNDEFINED)</div>]]>
            </line>
            <line>
              <![CDATA[<div "result">i close browser (UNDEFINED)</div>]]>
            </line>
          </reporter-output>
        </test-method> <!-- runScenario -->
        <test-method signature="runScenario(cucumber.api.testng.PickleEventWrapper,cucumber.api.testng.CucumberFeatureWrapper)[pri:0, instance:testRunner.Runner@7188af83]" started-at="2024-07-26T15:34:54 IST" name="runScenario" description="Runs Cucumber Scenarios" data-provider="scenarios" finished-at="2024-07-26T15:34:54 IST" duration-ms="7" status="SKIP">
          <params>
            <param index="0">
              <value>
                <![CDATA["Check Admin Login with invalid data"]]>
              </value>
            </param>
            <param index="1">
              <value>
                <![CDATA["Admin Login"]]>
              </value>
            </param>
          </params>
          <exception class="org.testng.SkipException">
            <message>
              <![CDATA[There are undefined steps]]>
            </message>
            <full-stacktrace>
              <![CDATA[org.testng.SkipException: There are undefined steps
at cucumber.api.testng.TestCaseResultListener.getError(TestCaseResultListener.java:58)
at cucumber.api.testng.TestNGCucumberRunner.runScenario(TestNGCucumberRunner.java:59)
at cucumber.api.testng.AbstractTestNGCucumberTests.runScenario(AbstractTestNGCucumberTests.java:22)
at java.base/jdk.internal.reflect.NativeMethodAccessorImpl.invoke0(Native Method)
at java.base/jdk.internal.reflect.NativeMethodAccessorImpl.invoke(NativeMethodAccessorImpl.java:77)
at java.base/jdk.internal.reflect.DelegatingMethodAccessorImpl.invoke(DelegatingMethodAccessorImpl.java:43)
at java.base/java.lang.reflect.Method.invoke(Method.java:568)
at org.testng.internal.invokers.MethodInvocationHelper.invokeMethod(MethodInvocationHelper.java:141)
at org.testng.internal.invokers.TestInvoker.invokeMethod(TestInvoker.java:686)
at org.testng.internal.invokers.TestInvoker.invokeTestMethod(TestInvoker.java:230)
at org.testng.internal.invokers.MethodRunner.runInSequence(MethodRunner.java:63)
at org.testng.internal.invokers.TestInvoker$MethodInvocationAgent.invoke(TestInvoker.java:992)
at org.testng.internal.invokers.TestInvoker.invokeTestMethods(TestInvoker.java:203)
at org.testng.internal.invokers.TestMethodWorker.invokeTestMethods(TestMethodWorker.java:154)
at org.testng.internal.invokers.TestMethodWorker.run(TestMethodWorker.java:134)
at java.base/java.util.ArrayList.forEach(ArrayList.java:1511)
at org.testng.TestRunner.privateRun(TestRunner.java:739)
at org.testng.TestRunner.run(TestRunner.java:614)
at org.testng.SuiteRunner.runTest(SuiteRunner.java:421)
at org.testng.SuiteRunner.runSequentially(SuiteRunner.java:413)
at org.testng.SuiteRunner.privateRun(SuiteRunner.java:373)
at org.testng.SuiteRunner.run(SuiteRunner.java:312)
at org.testng.SuiteRunnerWorker.runSuite(SuiteRunnerWorker.java:52)
at org.testng.SuiteRunnerWorker.run(SuiteRunnerWorker.java:95)
at org.testng.TestNG.runSuitesSequentially(TestNG.java:1274)
at org.testng.TestNG.runSuitesLocally(TestNG.java:1208)
at org.testng.TestNG.runSuites(TestNG.java:1112)
at org.testng.TestNG.run(TestNG.java:1079)
at org.testng.remote.AbstractRemoteTestNG.run(AbstractRemoteTestNG.java:115)
at org.testng.remote.RemoteTestNG.initAndRun(RemoteTestNG.java:293)
at org.testng.remote.RemoteTestNG.main(RemoteTestNG.java:91)
]]>
            </full-stacktrace>
          </exception> <!-- org.testng.SkipException -->
          <reporter-output>
            <line>
              <![CDATA[<div "result">i open browser with url &quot;http:&#x2F;&#x2F;www.orangehrm.qedgetech.com&#x2F;&quot; (UNDEFINED)</div>]]>
            </line>
            <line>
              <![CDATA[<div "result">i should see login page (UNDEFINED)</div>]]>
            </line>
            <line>
              <![CDATA[<div "result">i enter username as &quot;Admin&quot; (UNDEFINED)</div>]]>
            </line>
            <line>
              <![CDATA[<div "result">i enter password as &quot;Qedge@123&quot; (UNDEFINED)</div>]]>
            </line>
            <line>
              <![CDATA[<div "result">i click login (UNDEFINED)</div>]]>
            </line>
            <line>
              <![CDATA[<div "result">i should see error message (UNDEFINED)</div>]]>
            </line>
            <line>
              <![CDATA[<div "result">i close browser (UNDEFINED)</div>]]>
            </line>
          </reporter-output>
        </test-method> <!-- runScenario -->
        <test-method signature="runScenario(cucumber.api.testng.PickleEventWrapper,cucumber.api.testng.CucumberFeatureWrapper)[pri:0, instance:testRunner.Runner@7188af83]" started-at="2024-07-26T15:34:54 IST" name="runScenario" description="Runs Cucumber Scenarios" data-provider="scenarios" finished-at="2024-07-26T15:34:54 IST" duration-ms="6" status="SKIP">
          <params>
            <param index="0">
              <value>
                <![CDATA["Check Admin Login with invalid data"]]>
              </value>
            </param>
            <param index="1">
              <value>
                <![CDATA["Admin Login"]]>
              </value>
            </param>
          </params>
          <exception class="org.testng.SkipException">
            <message>
              <![CDATA[There are undefined steps]]>
            </message>
            <full-stacktrace>
              <![CDATA[org.testng.SkipException: There are undefined steps
at cucumber.api.testng.TestCaseResultListener.getError(TestCaseResultListener.java:58)
at cucumber.api.testng.TestNGCucumberRunner.runScenario(TestNGCucumberRunner.java:59)
at cucumber.api.testng.AbstractTestNGCucumberTests.runScenario(AbstractTestNGCucumberTests.java:22)
at java.base/jdk.internal.reflect.NativeMethodAccessorImpl.invoke0(Native Method)
at java.base/jdk.internal.reflect.NativeMethodAccessorImpl.invoke(NativeMethodAccessorImpl.java:77)
at java.base/jdk.internal.reflect.DelegatingMethodAccessorImpl.invoke(DelegatingMethodAccessorImpl.java:43)
at java.base/java.lang.reflect.Method.invoke(Method.java:568)
at org.testng.internal.invokers.MethodInvocationHelper.invokeMethod(MethodInvocationHelper.java:141)
at org.testng.internal.invokers.TestInvoker.invokeMethod(TestInvoker.java:686)
at org.testng.internal.invokers.TestInvoker.invokeTestMethod(TestInvoker.java:230)
at org.testng.internal.invokers.MethodRunner.runInSequence(MethodRunner.java:63)
at org.testng.internal.invokers.TestInvoker$MethodInvocationAgent.invoke(TestInvoker.java:992)
at org.testng.internal.invokers.TestInvoker.invokeTestMethods(TestInvoker.java:203)
at org.testng.internal.invokers.TestMethodWorker.invokeTestMethods(TestMethodWorker.java:154)
at org.testng.internal.invokers.TestMethodWorker.run(TestMethodWorker.java:134)
at java.base/java.util.ArrayList.forEach(ArrayList.java:1511)
at org.testng.TestRunner.privateRun(TestRunner.java:739)
at org.testng.TestRunner.run(TestRunner.java:614)
at org.testng.SuiteRunner.runTest(SuiteRunner.java:421)
at org.testng.SuiteRunner.runSequentially(SuiteRunner.java:413)
at org.testng.SuiteRunner.privateRun(SuiteRunner.java:373)
at org.testng.SuiteRunner.run(SuiteRunner.java:312)
at org.testng.SuiteRunnerWorker.runSuite(SuiteRunnerWorker.java:52)
at org.testng.SuiteRunnerWorker.run(SuiteRunnerWorker.java:95)
at org.testng.TestNG.runSuitesSequentially(TestNG.java:1274)
at org.testng.TestNG.runSuitesLocally(TestNG.java:1208)
at org.testng.TestNG.runSuites(TestNG.java:1112)
at org.testng.TestNG.run(TestNG.java:1079)
at org.testng.remote.AbstractRemoteTestNG.run(AbstractRemoteTestNG.java:115)
at org.testng.remote.RemoteTestNG.initAndRun(RemoteTestNG.java:293)
at org.testng.remote.RemoteTestNG.main(RemoteTestNG.java:91)
]]>
            </full-stacktrace>
          </exception> <!-- org.testng.SkipException -->
          <reporter-output>
            <line>
              <![CDATA[<div "result">i open browser with url &quot;http:&#x2F;&#x2F;www.orangehrm.qedgetech.com&#x2F;&quot; (UNDEFINED)</div>]]>
            </line>
            <line>
              <![CDATA[<div "result">i should see login page (UNDEFINED)</div>]]>
            </line>
            <line>
              <![CDATA[<div "result">i enter username as &quot;admin&quot; (UNDEFINED)</div>]]>
            </line>
            <line>
              <![CDATA[<div "result">i enter password as &quot;Qedge123!@#&quot; (UNDEFINED)</div>]]>
            </line>
            <line>
              <![CDATA[<div "result">i click login (UNDEFINED)</div>]]>
            </line>
            <line>
              <![CDATA[<div "result">i should see error message (UNDEFINED)</div>]]>
            </line>
            <line>
              <![CDATA[<div "result">i close browser (UNDEFINED)</div>]]>
            </line>
          </reporter-output>
        </test-method> <!-- runScenario -->
        <test-method signature="runScenario(cucumber.api.testng.PickleEventWrapper,cucumber.api.testng.CucumberFeatureWrapper)[pri:0, instance:testRunner.Runner@7188af83]" started-at="2024-07-26T15:34:54 IST" name="runScenario" description="Runs Cucumber Scenarios" data-provider="scenarios" finished-at="2024-07-26T15:34:54 IST" duration-ms="3" status="SKIP">
          <params>
            <param index="0">
              <value>
                <![CDATA["Check Admin Login with invalid data"]]>
              </value>
            </param>
            <param index="1">
              <value>
                <![CDATA["Admin Login"]]>
              </value>
            </param>
          </params>
          <exception class="org.testng.SkipException">
            <message>
              <![CDATA[There are undefined steps]]>
            </message>
            <full-stacktrace>
              <![CDATA[org.testng.SkipException: There are undefined steps
at cucumber.api.testng.TestCaseResultListener.getError(TestCaseResultListener.java:58)
at cucumber.api.testng.TestNGCucumberRunner.runScenario(TestNGCucumberRunner.java:59)
at cucumber.api.testng.AbstractTestNGCucumberTests.runScenario(AbstractTestNGCucumberTests.java:22)
at java.base/jdk.internal.reflect.NativeMethodAccessorImpl.invoke0(Native Method)
at java.base/jdk.internal.reflect.NativeMethodAccessorImpl.invoke(NativeMethodAccessorImpl.java:77)
at java.base/jdk.internal.reflect.DelegatingMethodAccessorImpl.invoke(DelegatingMethodAccessorImpl.java:43)
at java.base/java.lang.reflect.Method.invoke(Method.java:568)
at org.testng.internal.invokers.MethodInvocationHelper.invokeMethod(MethodInvocationHelper.java:141)
at org.testng.internal.invokers.TestInvoker.invokeMethod(TestInvoker.java:686)
at org.testng.internal.invokers.TestInvoker.invokeTestMethod(TestInvoker.java:230)
at org.testng.internal.invokers.MethodRunner.runInSequence(MethodRunner.java:63)
at org.testng.internal.invokers.TestInvoker$MethodInvocationAgent.invoke(TestInvoker.java:992)
at org.testng.internal.invokers.TestInvoker.invokeTestMethods(TestInvoker.java:203)
at org.testng.internal.invokers.TestMethodWorker.invokeTestMethods(TestMethodWorker.java:154)
at org.testng.internal.invokers.TestMethodWorker.run(TestMethodWorker.java:134)
at java.base/java.util.ArrayList.forEach(ArrayList.java:1511)
at org.testng.TestRunner.privateRun(TestRunner.java:739)
at org.testng.TestRunner.run(TestRunner.java:614)
at org.testng.SuiteRunner.runTest(SuiteRunner.java:421)
at org.testng.SuiteRunner.runSequentially(SuiteRunner.java:413)
at org.testng.SuiteRunner.privateRun(SuiteRunner.java:373)
at org.testng.SuiteRunner.run(SuiteRunner.java:312)
at org.testng.SuiteRunnerWorker.runSuite(SuiteRunnerWorker.java:52)
at org.testng.SuiteRunnerWorker.run(SuiteRunnerWorker.java:95)
at org.testng.TestNG.runSuitesSequentially(TestNG.java:1274)
at org.testng.TestNG.runSuitesLocally(TestNG.java:1208)
at org.testng.TestNG.runSuites(TestNG.java:1112)
at org.testng.TestNG.run(TestNG.java:1079)
at org.testng.remote.AbstractRemoteTestNG.run(AbstractRemoteTestNG.java:115)
at org.testng.remote.RemoteTestNG.initAndRun(RemoteTestNG.java:293)
at org.testng.remote.RemoteTestNG.main(RemoteTestNG.java:91)
]]>
            </full-stacktrace>
          </exception> <!-- org.testng.SkipException -->
          <reporter-output>
            <line>
              <![CDATA[<div "result">i open browser with url &quot;http:&#x2F;&#x2F;www.orangehrm.qedgetech.com&#x2F;&quot; (UNDEFINED)</div>]]>
            </line>
            <line>
              <![CDATA[<div "result">i should see login page (UNDEFINED)</div>]]>
            </line>
            <line>
              <![CDATA[<div "result">i enter username as &quot;admin1&quot; (UNDEFINED)</div>]]>
            </line>
            <line>
              <![CDATA[<div "result">i enter password as &quot;Qegebjh123!@#&quot; (UNDEFINED)</div>]]>
            </line>
            <line>
              <![CDATA[<div "result">i click login (UNDEFINED)</div>]]>
            </line>
            <line>
              <![CDATA[<div "result">i should see error message (UNDEFINED)</div>]]>
            </line>
            <line>
              <![CDATA[<div "result">i close browser (UNDEFINED)</div>]]>
            </line>
          </reporter-output>
        </test-method> <!-- runScenario -->
        <test-method signature="runScenario(cucumber.api.testng.PickleEventWrapper,cucumber.api.testng.CucumberFeatureWrapper)[pri:0, instance:testRunner.Runner@7188af83]" started-at="2024-07-26T15:34:54 IST" name="runScenario" description="Runs Cucumber Scenarios" data-provider="scenarios" finished-at="2024-07-26T15:34:54 IST" duration-ms="5" status="SKIP">
          <params>
            <param index="0">
              <value>
                <![CDATA["Check Admin Login with invalid data"]]>
              </value>
            </param>
            <param index="1">
              <value>
                <![CDATA["Admin Login"]]>
              </value>
            </param>
          </params>
          <exception class="org.testng.SkipException">
            <message>
              <![CDATA[There are undefined steps]]>
            </message>
            <full-stacktrace>
              <![CDATA[org.testng.SkipException: There are undefined steps
at cucumber.api.testng.TestCaseResultListener.getError(TestCaseResultListener.java:58)
at cucumber.api.testng.TestNGCucumberRunner.runScenario(TestNGCucumberRunner.java:59)
at cucumber.api.testng.AbstractTestNGCucumberTests.runScenario(AbstractTestNGCucumberTests.java:22)
at java.base/jdk.internal.reflect.NativeMethodAccessorImpl.invoke0(Native Method)
at java.base/jdk.internal.reflect.NativeMethodAccessorImpl.invoke(NativeMethodAccessorImpl.java:77)
at java.base/jdk.internal.reflect.DelegatingMethodAccessorImpl.invoke(DelegatingMethodAccessorImpl.java:43)
at java.base/java.lang.reflect.Method.invoke(Method.java:568)
at org.testng.internal.invokers.MethodInvocationHelper.invokeMethod(MethodInvocationHelper.java:141)
at org.testng.internal.invokers.TestInvoker.invokeMethod(TestInvoker.java:686)
at org.testng.internal.invokers.TestInvoker.invokeTestMethod(TestInvoker.java:230)
at org.testng.internal.invokers.MethodRunner.runInSequence(MethodRunner.java:63)
at org.testng.internal.invokers.TestInvoker$MethodInvocationAgent.invoke(TestInvoker.java:992)
at org.testng.internal.invokers.TestInvoker.invokeTestMethods(TestInvoker.java:203)
at org.testng.internal.invokers.TestMethodWorker.invokeTestMethods(TestMethodWorker.java:154)
at org.testng.internal.invokers.TestMethodWorker.run(TestMethodWorker.java:134)
at java.base/java.util.ArrayList.forEach(ArrayList.java:1511)
at org.testng.TestRunner.privateRun(TestRunner.java:739)
at org.testng.TestRunner.run(TestRunner.java:614)
at org.testng.SuiteRunner.runTest(SuiteRunner.java:421)
at org.testng.SuiteRunner.runSequentially(SuiteRunner.java:413)
at org.testng.SuiteRunner.privateRun(SuiteRunner.java:373)
at org.testng.SuiteRunner.run(SuiteRunner.java:312)
at org.testng.SuiteRunnerWorker.runSuite(SuiteRunnerWorker.java:52)
at org.testng.SuiteRunnerWorker.run(SuiteRunnerWorker.java:95)
at org.testng.TestNG.runSuitesSequentially(TestNG.java:1274)
at org.testng.TestNG.runSuitesLocally(TestNG.java:1208)
at org.testng.TestNG.runSuites(TestNG.java:1112)
at org.testng.TestNG.run(TestNG.java:1079)
at org.testng.remote.AbstractRemoteTestNG.run(AbstractRemoteTestNG.java:115)
at org.testng.remote.RemoteTestNG.initAndRun(RemoteTestNG.java:293)
at org.testng.remote.RemoteTestNG.main(RemoteTestNG.java:91)
]]>
            </full-stacktrace>
          </exception> <!-- org.testng.SkipException -->
          <reporter-output>
            <line>
              <![CDATA[<div "result">i open browser with url &quot;http:&#x2F;&#x2F;www.orangehrm.qedgetech.com&#x2F;&quot; (UNDEFINED)</div>]]>
            </line>
            <line>
              <![CDATA[<div "result">i should see login page (UNDEFINED)</div>]]>
            </line>
            <line>
              <![CDATA[<div "result">i enter username as &quot;&quot; (UNDEFINED)</div>]]>
            </line>
            <line>
              <![CDATA[<div "result">i enter password as &quot;&quot; (UNDEFINED)</div>]]>
            </line>
            <line>
              <![CDATA[<div "result">i click login (UNDEFINED)</div>]]>
            </line>
            <line>
              <![CDATA[<div "result">i should see error message (UNDEFINED)</div>]]>
            </line>
            <line>
              <![CDATA[<div "result">i close browser (UNDEFINED)</div>]]>
            </line>
          </reporter-output>
        </test-method> <!-- runScenario -->
        <test-method signature="runScenario(cucumber.api.testng.PickleEventWrapper,cucumber.api.testng.CucumberFeatureWrapper)[pri:0, instance:testRunner.Runner@7188af83]" started-at="2024-07-26T15:34:54 IST" name="runScenario" description="Runs Cucumber Scenarios" data-provider="scenarios" finished-at="2024-07-26T15:34:54 IST" duration-ms="5" status="SKIP">
          <params>
            <param index="0">
              <value>
                <![CDATA["Check Admin Login with invalid data"]]>
              </value>
            </param>
            <param index="1">
              <value>
                <![CDATA["Admin Login"]]>
              </value>
            </param>
          </params>
          <exception class="org.testng.SkipException">
            <message>
              <![CDATA[There are undefined steps]]>
            </message>
            <full-stacktrace>
              <![CDATA[org.testng.SkipException: There are undefined steps
at cucumber.api.testng.TestCaseResultListener.getError(TestCaseResultListener.java:58)
at cucumber.api.testng.TestNGCucumberRunner.runScenario(TestNGCucumberRunner.java:59)
at cucumber.api.testng.AbstractTestNGCucumberTests.runScenario(AbstractTestNGCucumberTests.java:22)
at java.base/jdk.internal.reflect.NativeMethodAccessorImpl.invoke0(Native Method)
at java.base/jdk.internal.reflect.NativeMethodAccessorImpl.invoke(NativeMethodAccessorImpl.java:77)
at java.base/jdk.internal.reflect.DelegatingMethodAccessorImpl.invoke(DelegatingMethodAccessorImpl.java:43)
at java.base/java.lang.reflect.Method.invoke(Method.java:568)
at org.testng.internal.invokers.MethodInvocationHelper.invokeMethod(MethodInvocationHelper.java:141)
at org.testng.internal.invokers.TestInvoker.invokeMethod(TestInvoker.java:686)
at org.testng.internal.invokers.TestInvoker.invokeTestMethod(TestInvoker.java:230)
at org.testng.internal.invokers.MethodRunner.runInSequence(MethodRunner.java:63)
at org.testng.internal.invokers.TestInvoker$MethodInvocationAgent.invoke(TestInvoker.java:992)
at org.testng.internal.invokers.TestInvoker.invokeTestMethods(TestInvoker.java:203)
at org.testng.internal.invokers.TestMethodWorker.invokeTestMethods(TestMethodWorker.java:154)
at org.testng.internal.invokers.TestMethodWorker.run(TestMethodWorker.java:134)
at java.base/java.util.ArrayList.forEach(ArrayList.java:1511)
at org.testng.TestRunner.privateRun(TestRunner.java:739)
at org.testng.TestRunner.run(TestRunner.java:614)
at org.testng.SuiteRunner.runTest(SuiteRunner.java:421)
at org.testng.SuiteRunner.runSequentially(SuiteRunner.java:413)
at org.testng.SuiteRunner.privateRun(SuiteRunner.java:373)
at org.testng.SuiteRunner.run(SuiteRunner.java:312)
at org.testng.SuiteRunnerWorker.runSuite(SuiteRunnerWorker.java:52)
at org.testng.SuiteRunnerWorker.run(SuiteRunnerWorker.java:95)
at org.testng.TestNG.runSuitesSequentially(TestNG.java:1274)
at org.testng.TestNG.runSuitesLocally(TestNG.java:1208)
at org.testng.TestNG.runSuites(TestNG.java:1112)
at org.testng.TestNG.run(TestNG.java:1079)
at org.testng.remote.AbstractRemoteTestNG.run(AbstractRemoteTestNG.java:115)
at org.testng.remote.RemoteTestNG.initAndRun(RemoteTestNG.java:293)
at org.testng.remote.RemoteTestNG.main(RemoteTestNG.java:91)
]]>
            </full-stacktrace>
          </exception> <!-- org.testng.SkipException -->
          <reporter-output>
            <line>
              <![CDATA[<div "result">i open browser with url &quot;http:&#x2F;&#x2F;www.orangehrm.qedgetech.com&#x2F;&quot; (UNDEFINED)</div>]]>
            </line>
            <line>
              <![CDATA[<div "result">i should see login page (UNDEFINED)</div>]]>
            </line>
            <line>
              <![CDATA[<div "result">i enter username as &quot;&quot; (UNDEFINED)</div>]]>
            </line>
            <line>
              <![CDATA[<div "result">i enter password as &quot;&quot; (UNDEFINED)</div>]]>
            </line>
            <line>
              <![CDATA[<div "result">i click login (UNDEFINED)</div>]]>
            </line>
            <line>
              <![CDATA[<div "result">i should see error message (UNDEFINED)</div>]]>
            </line>
            <line>
              <![CDATA[<div "result">i close browser (UNDEFINED)</div>]]>
            </line>
          </reporter-output>
        </test-method> <!-- runScenario -->
        <test-method is-config="true" signature="tearDownClass()[pri:0, instance:testRunner.Runner@7188af83]" started-at="2024-07-26T15:34:54 IST" name="tearDownClass" finished-at="2024-07-26T15:34:54 IST" duration-ms="3" status="PASS">
          <reporter-output>
          </reporter-output>
        </test-method> <!-- tearDownClass -->
      </class> <!-- testRunner.Runner -->
    </test> <!-- Default test -->
  </suite> <!-- Default suite -->
</testng-results>
